2025-10-24 05:46:02 - INFO - Rank 0 initialized logger
2025-10-24 05:46:47 - INFO - Resuming training from checkpoint
2025-10-24 05:46:47 - INFO - Starting training from epoch 58
2025-10-24 05:46:47 - INFO - Current Epoch 58
2025-10-24 06:16:07 - INFO - [Train Stage] Epoch 59 - Loss: 0.9761, Acc: 76.201%, Top-5 Acc: 91.403%, Time: 1760.31s LR: 0.0001823
2025-10-24 06:16:07 - INFO - [Test Stage] Epoch 60 Stage : Testing STARTS
2025-10-24 06:18:07 - INFO - [Test Stage] Epoch 60 - Loss: 4.1762, Acc: 73.84%, Top-5 Acc: 91.56%
2025-10-24 06:18:07 - INFO - Saving checkpoint to checkpoints/resnet50_imagenet_1k_onecycleLr/checkpoint-epoch-58-train_acc-76.20-test_acc-73.84-train_acc5-91.40-test_acc5-91.56.pth
2025-10-24 06:18:16 - INFO - Starting upload of checkpoint (181.01 MB)
2025-10-24 06:18:18 - INFO - Model checkpoint upload completed:
2025-10-24 06:18:18 - INFO - training_log.csv upload completed: 
2025-10-24 06:18:18 - INFO - test_log.csv upload completed: 
2025-10-24 06:18:18 - INFO - Log file upload completed: None
2025-10-24 06:18:18 - INFO - All uploads completed successfully for epoch 58
2025-10-24 06:18:18 - INFO - Current Epoch 59
2025-10-24 06:36:03 - INFO - [Train Stage] Epoch 60 - Loss: 0.9659, Acc: 76.446%, Top-5 Acc: 91.517%, Time: 1064.80s LR: 0.0048503
2025-10-24 06:36:03 - INFO - [Test Stage] Epoch 61 Stage : Testing STARTS
2025-10-24 06:37:31 - INFO - [Test Stage] Epoch 61 - Loss: 4.2143, Acc: 73.65%, Top-5 Acc: 91.48%
2025-10-24 06:37:31 - INFO - Saving checkpoint to checkpoints/resnet50_imagenet_1k_onecycleLr/checkpoint-epoch-59-train_acc-76.45-test_acc-73.65-train_acc5-91.52-test_acc5-91.48.pth
2025-10-24 06:37:41 - INFO - Starting upload of checkpoint (181.01 MB)
2025-10-24 06:37:42 - INFO - Model checkpoint upload completed:
2025-10-24 06:37:42 - INFO - training_log.csv upload completed: 
2025-10-24 06:37:42 - INFO - test_log.csv upload completed: 
2025-10-24 06:37:42 - INFO - Log file upload completed: None
2025-10-24 06:37:42 - INFO - All uploads completed successfully for epoch 59
2025-10-24 06:37:42 - INFO - Current Epoch 60
2025-10-24 06:55:26 - INFO - [Train Stage] Epoch 61 - Loss: 0.9623, Acc: 76.529%, Top-5 Acc: 91.550%, Time: 1063.54s LR: 0.0072287
2025-10-24 06:55:26 - INFO - [Test Stage] Epoch 62 Stage : Testing STARTS
2025-10-24 06:56:54 - INFO - [Test Stage] Epoch 62 - Loss: 4.1248, Acc: 74.07%, Top-5 Acc: 91.78%
2025-10-24 06:56:54 - INFO - Saving checkpoint to checkpoints/resnet50_imagenet_1k_onecycleLr/checkpoint-epoch-60-train_acc-76.53-test_acc-74.07-train_acc5-91.55-test_acc5-91.78.pth
2025-10-24 06:57:04 - INFO - Starting upload of checkpoint (181.01 MB)
2025-10-24 06:57:06 - INFO - Model checkpoint upload completed:
2025-10-24 06:57:06 - INFO - training_log.csv upload completed: 
2025-10-24 06:57:06 - INFO - test_log.csv upload completed: 
2025-10-24 06:57:06 - INFO - Log file upload completed: None
2025-10-24 06:57:06 - INFO - All uploads completed successfully for epoch 60
2025-10-24 06:57:06 - INFO - Current Epoch 61
2025-10-24 07:14:48 - INFO - [Train Stage] Epoch 62 - Loss: 0.9579, Acc: 76.622%, Top-5 Acc: 91.626%, Time: 1062.03s LR: 0.0025607
2025-10-24 07:14:48 - INFO - [Test Stage] Epoch 63 Stage : Testing STARTS
2025-10-24 07:16:17 - INFO - [Test Stage] Epoch 63 - Loss: 4.1273, Acc: 74.15%, Top-5 Acc: 91.78%
2025-10-24 07:16:17 - INFO - Saving checkpoint to checkpoints/resnet50_imagenet_1k_onecycleLr/checkpoint-epoch-61-train_acc-76.62-test_acc-74.15-train_acc5-91.63-test_acc5-91.78.pth
2025-10-24 07:16:26 - INFO - Starting upload of checkpoint (181.02 MB)
2025-10-24 07:16:27 - INFO - Model checkpoint upload completed:
2025-10-24 07:16:28 - INFO - training_log.csv upload completed: 
2025-10-24 07:16:28 - INFO - test_log.csv upload completed: 
2025-10-24 07:16:28 - INFO - Log file upload completed: None
2025-10-24 07:16:28 - INFO - All uploads completed successfully for epoch 61
2025-10-24 07:16:28 - INFO - Current Epoch 62
2025-10-24 07:34:12 - INFO - [Train Stage] Epoch 63 - Loss: 0.9550, Acc: 76.725%, Top-5 Acc: 91.632%, Time: 1064.44s LR: 0.0001823
2025-10-24 07:34:12 - INFO - [Test Stage] Epoch 64 Stage : Testing STARTS
2025-10-24 07:35:41 - INFO - [Test Stage] Epoch 64 - Loss: 4.2090, Acc: 73.56%, Top-5 Acc: 91.60%
2025-10-24 07:35:41 - INFO - Saving checkpoint to checkpoints/resnet50_imagenet_1k_onecycleLr/checkpoint-epoch-62-train_acc-76.73-test_acc-73.56-train_acc5-91.63-test_acc5-91.60.pth
2025-10-24 07:35:51 - INFO - Starting upload of checkpoint (181.01 MB)
2025-10-24 07:35:52 - INFO - Model checkpoint upload completed:
2025-10-24 07:35:53 - INFO - training_log.csv upload completed: 
2025-10-24 07:35:53 - INFO - test_log.csv upload completed: 
2025-10-24 07:35:53 - INFO - Log file upload completed: None
2025-10-24 07:35:53 - INFO - All uploads completed successfully for epoch 62
2025-10-24 07:35:53 - INFO - Current Epoch 63
2025-10-24 07:41:51 - INFO - Rank 0 initialized logger
2025-10-24 07:41:56 - INFO - Resuming training from checkpoint
2025-10-24 07:41:57 - INFO - Starting training from epoch 54
2025-10-24 07:41:57 - INFO - Current Epoch 54
2025-10-24 08:00:42 - INFO - [Train Stage] Epoch 55 - Loss: 1.0369, Acc: 74.802%, Top-5 Acc: 90.717%, Time: 1125.61s LR: 0.0064000
2025-10-24 08:00:42 - INFO - [Test Stage] Epoch 56 Stage : Testing STARTS
2025-10-24 08:02:11 - INFO - [Test Stage] Epoch 56 - Loss: 4.2374, Acc: 73.30%, Top-5 Acc: 91.50%
2025-10-24 08:02:11 - INFO - Saving checkpoint to checkpoints/resnet50_imagenet_1k_onecycleLr/checkpoint-epoch-54-train_acc-74.80-test_acc-73.30-train_acc5-90.72-test_acc5-91.50.pth
2025-10-24 08:02:20 - INFO - Starting upload of checkpoint (180.99 MB)
2025-10-24 08:02:22 - INFO - Model checkpoint upload completed:
2025-10-24 08:02:22 - INFO - training_log.csv upload completed: 
2025-10-24 08:02:23 - INFO - test_log.csv upload completed: 
2025-10-24 08:02:23 - INFO - Log file upload completed: None
2025-10-24 08:02:23 - INFO - All uploads completed successfully for epoch 54
2025-10-24 08:02:23 - INFO - Current Epoch 55
2025-10-24 08:19:50 - INFO - [Train Stage] Epoch 56 - Loss: 1.0022, Acc: 75.580%, Top-5 Acc: 91.112%, Time: 1047.41s LR: 0.0041129
2025-10-24 08:19:50 - INFO - [Test Stage] Epoch 57 Stage : Testing STARTS
2025-10-24 08:21:19 - INFO - [Test Stage] Epoch 57 - Loss: 4.1592, Acc: 73.81%, Top-5 Acc: 91.76%
2025-10-24 08:21:19 - INFO - Saving checkpoint to checkpoints/resnet50_imagenet_1k_onecycleLr/checkpoint-epoch-55-train_acc-75.58-test_acc-73.81-train_acc5-91.11-test_acc5-91.76.pth
2025-10-24 08:21:29 - INFO - Starting upload of checkpoint (181.00 MB)
2025-10-24 08:21:30 - INFO - Model checkpoint upload completed:
2025-10-24 08:21:30 - INFO - training_log.csv upload completed: 
2025-10-24 08:21:30 - INFO - test_log.csv upload completed: 
2025-10-24 08:21:30 - INFO - Log file upload completed: None
2025-10-24 08:21:30 - INFO - All uploads completed successfully for epoch 55
2025-10-24 08:21:30 - INFO - Current Epoch 56
2025-10-24 08:39:05 - INFO - [Train Stage] Epoch 57 - Loss: 0.9692, Acc: 76.432%, Top-5 Acc: 91.462%, Time: 1054.96s LR: 0.0023209
2025-10-24 08:39:05 - INFO - [Test Stage] Epoch 58 Stage : Testing STARTS
2025-10-24 08:40:35 - INFO - [Test Stage] Epoch 58 - Loss: 4.0635, Acc: 74.45%, Top-5 Acc: 91.90%
2025-10-24 08:40:35 - INFO - Saving checkpoint to checkpoints/resnet50_imagenet_1k_onecycleLr/checkpoint-epoch-56-train_acc-76.43-test_acc-74.45-train_acc5-91.46-test_acc5-91.90.pth
2025-10-24 08:40:44 - INFO - Starting upload of checkpoint (181.00 MB)
2025-10-24 08:40:46 - INFO - Model checkpoint upload completed:
2025-10-24 08:40:46 - INFO - training_log.csv upload completed: 
2025-10-24 08:40:46 - INFO - test_log.csv upload completed: 
2025-10-24 08:40:46 - INFO - Log file upload completed: None
2025-10-24 08:40:46 - INFO - All uploads completed successfully for epoch 56
2025-10-24 08:40:46 - INFO - Current Epoch 57
2025-10-24 08:58:16 - INFO - [Train Stage] Epoch 58 - Loss: 0.9474, Acc: 76.906%, Top-5 Acc: 91.704%, Time: 1050.00s LR: 0.0010338
2025-10-24 08:58:16 - INFO - [Test Stage] Epoch 59 Stage : Testing STARTS
2025-10-24 08:59:45 - INFO - [Test Stage] Epoch 59 - Loss: 4.0251, Acc: 74.62%, Top-5 Acc: 92.07%
2025-10-24 08:59:45 - INFO - Saving checkpoint to checkpoints/resnet50_imagenet_1k_onecycleLr/checkpoint-epoch-57-train_acc-76.91-test_acc-74.62-train_acc5-91.70-test_acc5-92.07.pth
2025-10-24 08:59:55 - INFO - Starting upload of checkpoint (181.00 MB)
2025-10-24 08:59:56 - INFO - Model checkpoint upload completed:
2025-10-24 08:59:56 - INFO - training_log.csv upload completed: 
2025-10-24 08:59:56 - INFO - test_log.csv upload completed: 
2025-10-24 08:59:56 - INFO - Log file upload completed: None
2025-10-24 08:59:56 - INFO - All uploads completed successfully for epoch 57
2025-10-24 08:59:56 - INFO - Current Epoch 58
2025-10-24 09:17:26 - INFO - [Train Stage] Epoch 59 - Loss: 0.9296, Acc: 77.380%, Top-5 Acc: 91.888%, Time: 1049.86s LR: 0.0002590
2025-10-24 09:17:26 - INFO - [Test Stage] Epoch 60 Stage : Testing STARTS
2025-10-24 09:18:55 - INFO - [Test Stage] Epoch 60 - Loss: 4.0154, Acc: 74.75%, Top-5 Acc: 92.05%
2025-10-24 09:18:55 - INFO - Saving checkpoint to checkpoints/resnet50_imagenet_1k_onecycleLr/checkpoint-epoch-58-train_acc-77.38-test_acc-74.75-train_acc5-91.89-test_acc5-92.05.pth
2025-10-24 09:19:04 - INFO - Starting upload of checkpoint (181.01 MB)
2025-10-24 09:19:06 - INFO - Model checkpoint upload completed:
2025-10-24 09:19:06 - INFO - training_log.csv upload completed: 
2025-10-24 09:19:06 - INFO - test_log.csv upload completed: 
2025-10-24 09:19:06 - INFO - Log file upload completed: None
2025-10-24 09:19:06 - INFO - All uploads completed successfully for epoch 58
2025-10-24 09:19:06 - INFO - Current Epoch 59
2025-10-24 09:36:31 - INFO - [Train Stage] Epoch 60 - Loss: 0.9230, Acc: 77.550%, Top-5 Acc: 91.933%, Time: 1044.97s LR: 0.0000007
2025-10-24 09:36:31 - INFO - [Test Stage] Epoch 61 Stage : Testing STARTS
2025-10-24 09:38:00 - INFO - [Test Stage] Epoch 61 - Loss: 4.0091, Acc: 74.81%, Top-5 Acc: 92.05%
2025-10-24 09:38:00 - INFO - Saving checkpoint to checkpoints/resnet50_imagenet_1k_onecycleLr/checkpoint-epoch-59-train_acc-77.55-test_acc-74.81-train_acc5-91.93-test_acc5-92.05.pth
2025-10-24 09:38:09 - INFO - Starting upload of checkpoint (181.00 MB)
2025-10-24 09:38:11 - INFO - Model checkpoint upload completed:
2025-10-24 09:38:11 - INFO - training_log.csv upload completed: 
2025-10-24 09:38:11 - INFO - test_log.csv upload completed: 
2025-10-24 09:38:11 - INFO - Log file upload completed: None
2025-10-24 09:38:11 - INFO - All uploads completed successfully for epoch 59
2025-10-24 09:38:11 - INFO - Current Epoch 60
2025-10-24 09:58:31 - INFO - [Train Stage] Epoch 61 - Loss: 0.9184, Acc: 77.730%, Top-5 Acc: 92.02%, Time: 1045.97s LR: 0.0000006
2025-10-24 10:01:11 - INFO - [Test Stage] Epoch 62 Stage : Testing STARTS
2025-10-24 10:01:11 - INFO - [Test Stage] Epoch 62 - Loss: 3.9771, Acc: 75.11%, Top-5 Acc: 92.24%
2025-10-24 10:01:14 - INFO - Saving checkpoint to checkpoints/resnet50_imagenet_1k_onecycleLr/checkpoint-epoch-60-train_acc-77.73-test_acc-75.11-train_acc5-92.02-test_acc5-92.24.pth
2025-10-24 10:01:14 - INFO - Starting upload of checkpoint (181.00 MB)
2025-10-24 10:01:24 - INFO - Model checkpoint upload completed:
2025-10-24 10:01:24 - INFO - training_log.csv upload completed: 